195, Matthew Peng
147, Winston Fu
163, Zhou Ruixi
140, deanna lau
77, Jung Wang
267, Cristina Caruso58, Tricia
89, Ben Xia
172, Andy Zhang
193, Kelvin Peng
221, Rebecca Liu
22, Jane Yu
214, cheng shao
17, Avery Wong
92, Zijun
166, Omar Shahin Lisigurski
123, Alice Su
160, Olivia Ma
21, Zhao Benjamin
171, Haoyang Zhang
174, Jinal Rabsatt
72, Yu Ding
138, Emery Martin
0, Xiaoyu Tan
11, Sophia Wu
9, Elliott Zhang
66, Claire Xu
55, Caroline
225, Andrew Shen
217, Ashely
125, Nika Krasnikova
73, nana
265, Nicole Chen
0, Xiaoyu Tan
